<?xml version="1.0" encoding="UTF-8"?>
<testsuite xmlns:xsi="http://www.w3.org/2001/XMLSchema-instance" xsi:schemaLocation="https://maven.apache.org/surefire/maven-surefire-plugin/xsd/surefire-test-report.xsd" name="TestSuite" time="35.592" tests="4" errors="0" skipped="0" failures="1">
  <properties>
[...]
</properties>
  <testcase name="checkCreateArticleOption" classname="tests.checkCreateOption" time="4.069"/>
  <testcase name="checkCreateArticleWithEmptyFieldsOption" classname="tests.checkCreateOption" time="2.782">
    <failure message="expected [false] but found [true]" type="java.lang.AssertionError">java.lang.AssertionError: expected [false] but found [true]
	at tests.checkCreateOption.checkCreateArticleWithEmptyFieldsOption(checkCreateOption.java:36)
</failure>
    <system-out><![CDATA[[INFO ] 2021-02-01 05:12:16.880 [main] TestLogger - --- checkCreateArticleWithEmptyFieldsOption test is started ---
[INFO ] 2021-02-01 05:12:19.376 [main] TestLogger - --- onTestFailure methodcheckCreateArticleWithEmptyFieldsOption failed ---
[INFO ] 2021-02-01 05:12:19.376 [main] TestLogger - --- Screenshot captured for test case: checkCreateArticleWithEmptyFieldsOption ---
]]></system-out>
  </testcase>
  <testcase name="checkDeleteArticleOption" classname="tests.checkDeleteOption" time="3.866"/>
  <testcase name="checkUpdateArticleOption" classname="tests.checkUpdateOption" time="7.756"/>
</testsuite>