<?xml version="1.0" encoding="UTF-8"?>
<!-- Generated by org.testng.reporters.JUnitXMLReporter -->
<testsuite ignored="0" hostname="DESKTOP-650R3IU" failures="1" tests="2" name="Create option" time="14.544" errors="0" timestamp="01 февр. 2021 08:59:15 GMT">
  <testcase classname="tests.checkCreateOption" name="checkCreateArticleOption" time="4.247"/>
  <testcase classname="tests.checkCreateOption" name="checkCreateArticleWithEmptyFieldsOption" time="2.576">
    <failure type="java.lang.AssertionError" message="Article shouldn&amp;apos;t be created">
      <![CDATA[java.lang.AssertionError: Article shouldn't be created
at tests.checkCreateOption.checkCreateArticleWithEmptyFieldsOption(checkCreateOption.java:39)
... Removed 29 stack frames]]>
    </failure>
  </testcase> <!-- checkCreateArticleWithEmptyFieldsOption -->
</testsuite> <!-- Create option -->
